<?xml version="1.0" encoding="UTF-8"?>
<!-- Generated by org.testng.reporters.JUnitXMLReporter -->
<testsuite ignored="0" hostname="DESKTOP-PG3POK5" failures="0" tests="17" name="Default test" time="0.884" errors="0" timestamp="2024-08-28T17:02:31 IST">
  <testcase classname="com.webOrders.common.WebOrders_BaseSetup" name="@BeforeClass initializeTestBaseSetup" time="-1.724844750948E9">
    <failure type="org.testng.TestNGException" message="
Parameter &amp;apos;browserType&amp;apos; is required by BeforeClass on method initializeTestBaseSetup but has not been marked @Optional or defined
in C:\Users\092903744\AppData\Local\Temp\testng-eclipse--1199340146\testng-customsuite.xml">
      <![CDATA[org.testng.TestNGException: 
Parameter 'browserType' is required by BeforeClass on method initializeTestBaseSetup but has not been marked @Optional or defined
in C:\Users\092903744\AppData\Local\Temp\testng-eclipse--1199340146\testng-customsuite.xml
at org.testng.internal.Parameters.createParams(Parameters.java:270)
at org.testng.internal.Parameters.createParametersForMethod(Parameters.java:358)
at org.testng.internal.Parameters.createParameters(Parameters.java:700)
at org.testng.internal.Parameters.createConfigurationParameters(Parameters.java:168)
at org.testng.internal.ConfigInvoker.invokeConfigurations(ConfigInvoker.java:302)
at org.testng.internal.TestMethodWorker.invokeBeforeClassMethods(TestMethodWorker.java:176)
at org.testng.internal.TestMethodWorker.run(TestMethodWorker.java:122)
at java.base/java.util.ArrayList.forEach(ArrayList.java:1511)
at org.testng.TestRunner.privateRun(TestRunner.java:794)
at org.testng.TestRunner.run(TestRunner.java:596)
at org.testng.SuiteRunner.runTest(SuiteRunner.java:377)
at org.testng.SuiteRunner.runSequentially(SuiteRunner.java:371)
at org.testng.SuiteRunner.privateRun(SuiteRunner.java:332)
at org.testng.SuiteRunner.run(SuiteRunner.java:276)
at org.testng.SuiteRunnerWorker.runSuite(SuiteRunnerWorker.java:53)
at org.testng.SuiteRunnerWorker.run(SuiteRunnerWorker.java:96)
at org.testng.TestNG.runSuitesSequentially(TestNG.java:1212)
at org.testng.TestNG.runSuitesLocally(TestNG.java:1134)
at org.testng.TestNG.runSuites(TestNG.java:1063)
at org.testng.TestNG.run(TestNG.java:1031)
at org.testng.remote.AbstractRemoteTestNG.run(AbstractRemoteTestNG.java:115)
at org.testng.remote.RemoteTestNG.initAndRun(RemoteTestNG.java:251)
at org.testng.remote.RemoteTestNG.main(RemoteTestNG.java:77)
]]>
    </failure>
  </testcase> <!-- @BeforeClass initializeTestBaseSetup -->
  <testcase classname="com.webOrders.test.WebOrder_ViewAllOrders_Test" name="@BeforeClass setUp" time="-1.724844750959E9">
    <skipped/>
  </testcase> <!-- @BeforeClass setUp -->
  <testcase classname="com.webOrders.common.WebOrders_BaseSetup" name="@AfterMethod takeScreenshot" time="-1.724844751002E9">
    <skipped/>
  </testcase> <!-- @AfterMethod takeScreenshot -->
  <testcase classname="com.webOrders.common.WebOrders_BaseSetup" name="@AfterMethod takeScreenshot" time="-1.724844751016E9">
    <skipped/>
  </testcase> <!-- @AfterMethod takeScreenshot -->
  <testcase classname="com.webOrders.common.WebOrders_BaseSetup" name="@AfterMethod takeScreenshot" time="-1.724844751024E9">
    <skipped/>
  </testcase> <!-- @AfterMethod takeScreenshot -->
  <testcase classname="com.webOrders.common.WebOrders_BaseSetup" name="@AfterMethod takeScreenshot" time="-1.724844751056E9">
    <skipped/>
  </testcase> <!-- @AfterMethod takeScreenshot -->
  <testcase classname="com.webOrders.common.WebOrders_BaseSetup" name="@AfterMethod takeScreenshot" time="-1.724844751064E9">
    <skipped/>
  </testcase> <!-- @AfterMethod takeScreenshot -->
  <testcase classname="com.webOrders.common.WebOrders_BaseSetup" name="@AfterMethod takeScreenshot" time="-1.724844751076E9">
    <skipped/>
  </testcase> <!-- @AfterMethod takeScreenshot -->
  <testcase classname="com.webOrders.common.WebOrders_BaseSetup" name="@AfterMethod takeScreenshot" time="-1.724844751084E9">
    <skipped/>
  </testcase> <!-- @AfterMethod takeScreenshot -->
  <testcase classname="com.webOrders.common.WebOrders_BaseSetup" name="@AfterMethod takeScreenshot" time="-1.724844751091E9">
    <skipped/>
  </testcase> <!-- @AfterMethod takeScreenshot -->
  <testcase classname="com.webOrders.common.WebOrders_BaseSetup" name="@AfterMethod takeScreenshot" time="-1.724844751099E9">
    <skipped/>
  </testcase> <!-- @AfterMethod takeScreenshot -->
  <testcase classname="com.webOrders.common.WebOrders_BaseSetup" name="@AfterMethod takeScreenshot" time="-1.724844751107E9">
    <skipped/>
  </testcase> <!-- @AfterMethod takeScreenshot -->
  <testcase classname="com.webOrders.common.WebOrders_BaseSetup" name="@AfterMethod takeScreenshot" time="-1.724844751114E9">
    <skipped/>
  </testcase> <!-- @AfterMethod takeScreenshot -->
  <testcase classname="com.webOrders.common.WebOrders_BaseSetup" name="@AfterMethod takeScreenshot" time="-1.724844751121E9">
    <skipped/>
  </testcase> <!-- @AfterMethod takeScreenshot -->
  <testcase classname="com.webOrders.common.WebOrders_BaseSetup" name="@AfterMethod takeScreenshot" time="-1.724844751127E9">
    <skipped/>
  </testcase> <!-- @AfterMethod takeScreenshot -->
  <testcase classname="com.webOrders.common.WebOrders_BaseSetup" name="@AfterMethod takeScreenshot" time="-1.724844751134E9">
    <skipped/>
  </testcase> <!-- @AfterMethod takeScreenshot -->
  <testcase classname="com.webOrders.common.WebOrders_BaseSetup" name="@AfterMethod takeScreenshot" time="-1.724844751139E9">
    <skipped/>
  </testcase> <!-- @AfterMethod takeScreenshot -->
  <testcase classname="com.webOrders.common.WebOrders_BaseSetup" name="@AfterMethod takeScreenshot" time="-1.724844751147E9">
    <skipped/>
  </testcase> <!-- @AfterMethod takeScreenshot -->
  <testcase classname="com.webOrders.common.WebOrders_BaseSetup" name="@AfterMethod takeScreenshot" time="-1.724844751153E9">
    <skipped/>
  </testcase> <!-- @AfterMethod takeScreenshot -->
  <testcase classname="com.webOrders.common.WebOrders_BaseSetup" name="@AfterClass tearDown" time="-1.724844751164E9">
    <skipped/>
  </testcase> <!-- @AfterClass tearDown -->
  <testcase classname="com.webOrders.test.WebOrder_ViewAllOrders_Test" name="verifyCheckAll" time="0.0">
    <skipped/>
  </testcase> <!-- verifyCheckAll -->
  <testcase classname="com.webOrders.test.WebOrder_ViewAllOrders_Test" name="verifyUnCheckAll" time="0.0">
    <skipped/>
  </testcase> <!-- verifyUnCheckAll -->
  <testcase classname="com.webOrders.test.WebOrder_ViewAllOrders_Test" name="verifyDeleteOrder" time="0.0">
    <skipped/>
  </testcase> <!-- verifyDeleteOrder -->
  <testcase classname="com.webOrders.test.WebOrder_ViewAllOrders_Test" name="verifyEditOrder" time="0.0">
    <skipped/>
  </testcase> <!-- verifyEditOrder -->
  <testcase classname="com.webOrders.test.WebOrder_ViewAllOrders_Test" name="verifyEditOrder" time="0.0">
    <skipped/>
  </testcase> <!-- verifyEditOrder -->
  <testcase classname="com.webOrders.test.WebOrder_ViewAllOrders_Test" name="verifyError" time="0.0">
    <skipped/>
  </testcase> <!-- verifyError -->
  <testcase classname="com.webOrders.test.WebOrder_ViewAllOrders_Test" name="verifyError" time="0.0">
    <skipped/>
  </testcase> <!-- verifyError -->
  <testcase classname="com.webOrders.test.WebOrder_ViewAllOrders_Test" name="verifyError" time="0.0">
    <skipped/>
  </testcase> <!-- verifyError -->
  <testcase classname="com.webOrders.test.WebOrder_ViewAllOrders_Test" name="verifyError" time="0.0">
    <skipped/>
  </testcase> <!-- verifyError -->
  <testcase classname="com.webOrders.test.WebOrder_ViewAllOrders_Test" name="verifyError" time="0.0">
    <skipped/>
  </testcase> <!-- verifyError -->
  <testcase classname="com.webOrders.test.WebOrder_ViewAllOrders_Test" name="verifyError" time="0.0">
    <skipped/>
  </testcase> <!-- verifyError -->
  <testcase classname="com.webOrders.test.WebOrder_ViewAllOrders_Test" name="verifyError" time="0.0">
    <skipped/>
  </testcase> <!-- verifyError -->
  <testcase classname="com.webOrders.test.WebOrder_ViewAllOrders_Test" name="verifyError" time="0.0">
    <skipped/>
  </testcase> <!-- verifyError -->
  <testcase classname="com.webOrders.test.WebOrder_ViewAllOrders_Test" name="verifyError" time="0.0">
    <skipped/>
  </testcase> <!-- verifyError -->
  <testcase classname="com.webOrders.test.WebOrder_ViewAllOrders_Test" name="verifyError" time="0.0">
    <skipped/>
  </testcase> <!-- verifyError -->
  <testcase classname="com.webOrders.test.WebOrder_ViewAllOrders_Test" name="verifyError" time="0.0">
    <skipped/>
  </testcase> <!-- verifyError -->
  <testcase classname="com.webOrders.test.WebOrder_ViewAllOrders_Test" name="verifyError" time="0.0">
    <skipped/>
  </testcase> <!-- verifyError -->
</testsuite> <!-- Default test -->
